<?xml version="1.0" encoding="UTF-8"?>
<testng-results ignored="0" total="12" passed="12" failed="0" skipped="0">
  <reporter-output>
  </reporter-output>
  <suite started-at="2019-11-14T12:53:51 IST" name="MercuryTest-FlightReservation" finished-at="2019-11-14T12:57:59 IST" duration-ms="248124">
    <groups>
    </groups>
    <test started-at="2019-11-14T12:53:51 IST" name="Flight Reservation" finished-at="2019-11-14T12:57:59 IST" duration-ms="248124">
      <class name="com.myflight.testcase.LoginTest">
        <test-method is-config="true" signature="setup()[pri:0, instance:com.myflight.testcase.LoginTest@74f0ea28]" started-at="2019-11-14T12:55:06 IST" name="setup" finished-at="2019-11-14T12:55:19 IST" duration-ms="12857" status="PASS">
          <reporter-output>
          </reporter-output>
        </test-method> <!-- setup -->
        <test-method signature="verifyLoginPagetitleTest()[pri:1, instance:com.myflight.testcase.LoginTest@74f0ea28]" started-at="2019-11-14T12:55:19 IST" name="verifyLoginPagetitleTest" finished-at="2019-11-14T12:55:19 IST" duration-ms="40" status="PASS">
          <reporter-output>
          </reporter-output>
        </test-method> <!-- verifyLoginPagetitleTest -->
        <test-method is-config="true" signature="teardown()[pri:0, instance:com.myflight.testcase.LoginTest@74f0ea28]" started-at="2019-11-14T12:55:19 IST" name="teardown" finished-at="2019-11-14T12:55:21 IST" duration-ms="1905" status="PASS">
          <reporter-output>
          </reporter-output>
        </test-method> <!-- teardown -->
        <test-method is-config="true" signature="setup()[pri:0, instance:com.myflight.testcase.LoginTest@74f0ea28]" started-at="2019-11-14T12:55:21 IST" name="setup" finished-at="2019-11-14T12:55:34 IST" duration-ms="12820" status="PASS">
          <reporter-output>
          </reporter-output>
        </test-method> <!-- setup -->
        <test-method signature="verifyLoginLableTest()[pri:2, instance:com.myflight.testcase.LoginTest@74f0ea28]" started-at="2019-11-14T12:55:34 IST" name="verifyLoginLableTest" finished-at="2019-11-14T12:55:34 IST" duration-ms="160" status="PASS">
          <reporter-output>
          </reporter-output>
        </test-method> <!-- verifyLoginLableTest -->
        <test-method is-config="true" signature="teardown()[pri:0, instance:com.myflight.testcase.LoginTest@74f0ea28]" started-at="2019-11-14T12:55:34 IST" name="teardown" finished-at="2019-11-14T12:55:35 IST" duration-ms="1272" status="PASS">
          <reporter-output>
          </reporter-output>
        </test-method> <!-- teardown -->
        <test-method is-config="true" signature="setup()[pri:0, instance:com.myflight.testcase.LoginTest@74f0ea28]" started-at="2019-11-14T12:55:35 IST" name="setup" finished-at="2019-11-14T12:55:48 IST" duration-ms="12723" status="PASS">
          <reporter-output>
          </reporter-output>
        </test-method> <!-- setup -->
        <test-method signature="verifyLogintest()[pri:3, instance:com.myflight.testcase.LoginTest@74f0ea28]" started-at="2019-11-14T12:55:48 IST" name="verifyLogintest" finished-at="2019-11-14T12:55:55 IST" duration-ms="7300" status="PASS">
          <reporter-output>
          </reporter-output>
        </test-method> <!-- verifyLogintest -->
        <test-method is-config="true" signature="teardown()[pri:0, instance:com.myflight.testcase.LoginTest@74f0ea28]" started-at="2019-11-14T12:55:55 IST" name="teardown" finished-at="2019-11-14T12:55:57 IST" duration-ms="1256" status="PASS">
          <reporter-output>
          </reporter-output>
        </test-method> <!-- teardown -->
      </class> <!-- com.myflight.testcase.LoginTest -->
      <class name="com.myflight.testcase.MyAccountTest">
        <test-method is-config="true" signature="setup()[pri:0, instance:com.myflight.testcase.MyAccountTest@f6efaab]" started-at="2019-11-14T12:55:57 IST" name="setup" finished-at="2019-11-14T12:56:15 IST" duration-ms="18186" status="PASS">
          <reporter-output>
          </reporter-output>
        </test-method> <!-- setup -->
        <test-method signature="validateAccountPageTitleTest()[pri:1, instance:com.myflight.testcase.MyAccountTest@f6efaab]" started-at="2019-11-14T12:56:15 IST" name="validateAccountPageTitleTest" finished-at="2019-11-14T12:56:15 IST" duration-ms="35" status="PASS">
          <reporter-output>
          </reporter-output>
        </test-method> <!-- validateAccountPageTitleTest -->
        <test-method is-config="true" signature="teardown()[pri:0, instance:com.myflight.testcase.MyAccountTest@f6efaab]" started-at="2019-11-14T12:56:15 IST" name="teardown" finished-at="2019-11-14T12:56:16 IST" duration-ms="1573" status="PASS">
          <reporter-output>
          </reporter-output>
        </test-method> <!-- teardown -->
        <test-method is-config="true" signature="setup()[pri:0, instance:com.myflight.testcase.MyAccountTest@f6efaab]" started-at="2019-11-14T12:56:16 IST" name="setup" finished-at="2019-11-14T12:56:34 IST" duration-ms="17524" status="PASS">
          <reporter-output>
          </reporter-output>
        </test-method> <!-- setup -->
        <test-method signature="validateAccountPageUrlTest()[pri:2, instance:com.myflight.testcase.MyAccountTest@f6efaab]" started-at="2019-11-14T12:56:34 IST" name="validateAccountPageUrlTest" finished-at="2019-11-14T12:56:34 IST" duration-ms="41" status="PASS">
          <reporter-output>
          </reporter-output>
        </test-method> <!-- validateAccountPageUrlTest -->
        <test-method is-config="true" signature="teardown()[pri:0, instance:com.myflight.testcase.MyAccountTest@f6efaab]" started-at="2019-11-14T12:56:34 IST" name="teardown" finished-at="2019-11-14T12:56:35 IST" duration-ms="1221" status="PASS">
          <reporter-output>
          </reporter-output>
        </test-method> <!-- teardown -->
        <test-method is-config="true" signature="setup()[pri:0, instance:com.myflight.testcase.MyAccountTest@f6efaab]" started-at="2019-11-14T12:56:35 IST" name="setup" finished-at="2019-11-14T12:56:53 IST" duration-ms="17421" status="PASS">
          <reporter-output>
          </reporter-output>
        </test-method> <!-- setup -->
        <test-method signature="validatetabletLinkTest()[pri:3, instance:com.myflight.testcase.MyAccountTest@f6efaab]" started-at="2019-11-14T12:56:53 IST" name="validatetabletLinkTest" finished-at="2019-11-14T12:56:55 IST" duration-ms="2617" status="PASS">
          <reporter-output>
          </reporter-output>
        </test-method> <!-- validatetabletLinkTest -->
        <test-method is-config="true" signature="teardown()[pri:0, instance:com.myflight.testcase.MyAccountTest@f6efaab]" started-at="2019-11-14T12:56:55 IST" name="teardown" finished-at="2019-11-14T12:56:56 IST" duration-ms="1275" status="PASS">
          <reporter-output>
          </reporter-output>
        </test-method> <!-- teardown -->
        <test-method is-config="true" signature="setup()[pri:0, instance:com.myflight.testcase.MyAccountTest@f6efaab]" started-at="2019-11-14T12:56:56 IST" name="setup" finished-at="2019-11-14T12:57:15 IST" duration-ms="18831" status="PASS">
          <reporter-output>
          </reporter-output>
        </test-method> <!-- setup -->
        <test-method signature="validateSoftwarelinkTest()[pri:4, instance:com.myflight.testcase.MyAccountTest@f6efaab]" started-at="2019-11-14T12:57:15 IST" name="validateSoftwarelinkTest" finished-at="2019-11-14T12:57:17 IST" duration-ms="1945" status="PASS">
          <reporter-output>
          </reporter-output>
        </test-method> <!-- validateSoftwarelinkTest -->
        <test-method is-config="true" signature="teardown()[pri:0, instance:com.myflight.testcase.MyAccountTest@f6efaab]" started-at="2019-11-14T12:57:17 IST" name="teardown" finished-at="2019-11-14T12:57:19 IST" duration-ms="1508" status="PASS">
          <reporter-output>
          </reporter-output>
        </test-method> <!-- teardown -->
        <test-method is-config="true" signature="setup()[pri:0, instance:com.myflight.testcase.MyAccountTest@f6efaab]" started-at="2019-11-14T12:57:19 IST" name="setup" finished-at="2019-11-14T12:57:36 IST" duration-ms="17709" status="PASS">
          <reporter-output>
          </reporter-output>
        </test-method> <!-- setup -->
        <test-method signature="validateOrderhistorylinkTest()[pri:5, instance:com.myflight.testcase.MyAccountTest@f6efaab]" started-at="2019-11-14T12:57:36 IST" name="validateOrderhistorylinkTest" finished-at="2019-11-14T12:57:38 IST" duration-ms="1153" status="PASS">
          <reporter-output>
          </reporter-output>
        </test-method> <!-- validateOrderhistorylinkTest -->
        <test-method is-config="true" signature="teardown()[pri:0, instance:com.myflight.testcase.MyAccountTest@f6efaab]" started-at="2019-11-14T12:57:38 IST" name="teardown" finished-at="2019-11-14T12:57:39 IST" duration-ms="1304" status="PASS">
          <reporter-output>
          </reporter-output>
        </test-method> <!-- teardown -->
        <test-method is-config="true" signature="setup()[pri:0, instance:com.myflight.testcase.MyAccountTest@f6efaab]" started-at="2019-11-14T12:57:39 IST" name="setup" finished-at="2019-11-14T12:57:57 IST" duration-ms="17662" status="PASS">
          <reporter-output>
          </reporter-output>
        </test-method> <!-- setup -->
        <test-method signature="validatecartTotalTest()[pri:6, instance:com.myflight.testcase.MyAccountTest@f6efaab]" started-at="2019-11-14T12:57:57 IST" name="validatecartTotalTest" finished-at="2019-11-14T12:57:57 IST" duration-ms="128" status="PASS">
          <reporter-output>
          </reporter-output>
        </test-method> <!-- validatecartTotalTest -->
        <test-method is-config="true" signature="teardown()[pri:0, instance:com.myflight.testcase.MyAccountTest@f6efaab]" started-at="2019-11-14T12:57:57 IST" name="teardown" finished-at="2019-11-14T12:57:59 IST" duration-ms="1941" status="PASS">
          <reporter-output>
          </reporter-output>
        </test-method> <!-- teardown -->
      </class> <!-- com.myflight.testcase.MyAccountTest -->
      <class name="com.myflight.testcase.RegistrationTest">
        <test-method is-config="true" signature="setup()[pri:0, instance:com.myflight.testcase.RegistrationTest@1283bb96]" started-at="2019-11-14T12:53:52 IST" name="setup" finished-at="2019-11-14T12:54:10 IST" duration-ms="18020" status="PASS">
          <reporter-output>
          </reporter-output>
        </test-method> <!-- setup -->
        <test-method signature="RegTest(java.lang.String, java.lang.String, java.lang.String, java.lang.String, java.lang.String, java.lang.String)[pri:0, instance:com.myflight.testcase.RegistrationTest@1283bb96]" started-at="2019-11-14T12:54:10 IST" name="RegTest" data-provider="Regtestdata" finished-at="2019-11-14T12:54:17 IST" duration-ms="7003" status="PASS">
          <params>
            <param index="0">
              <value>
                <![CDATA[super]]>
              </value>
            </param>
            <param index="1">
              <value>
                <![CDATA[test1]]>
              </value>
            </param>
            <param index="2">
              <value>
                <![CDATA[super.test1@gmail.com]]>
              </value>
            </param>
            <param index="3">
              <value>
                <![CDATA[124-2313690]]>
              </value>
            </param>
            <param index="4">
              <value>
                <![CDATA[test1]]>
              </value>
            </param>
            <param index="5">
              <value>
                <![CDATA[test1]]>
              </value>
            </param>
          </params>
          <reporter-output>
          </reporter-output>
        </test-method> <!-- RegTest -->
        <test-method is-config="true" signature="teardown()[pri:0, instance:com.myflight.testcase.RegistrationTest@1283bb96]" started-at="2019-11-14T12:54:17 IST" name="teardown" finished-at="2019-11-14T12:54:19 IST" duration-ms="1706" status="PASS">
          <reporter-output>
          </reporter-output>
        </test-method> <!-- teardown -->
        <test-method is-config="true" signature="setup()[pri:0, instance:com.myflight.testcase.RegistrationTest@1283bb96]" started-at="2019-11-14T12:54:19 IST" name="setup" finished-at="2019-11-14T12:54:34 IST" duration-ms="15354" status="PASS">
          <reporter-output>
          </reporter-output>
        </test-method> <!-- setup -->
        <test-method signature="RegTest(java.lang.String, java.lang.String, java.lang.String, java.lang.String, java.lang.String, java.lang.String)[pri:0, instance:com.myflight.testcase.RegistrationTest@1283bb96]" started-at="2019-11-14T12:54:34 IST" name="RegTest" data-provider="Regtestdata" finished-at="2019-11-14T12:54:41 IST" duration-ms="6887" status="PASS">
          <params>
            <param index="0">
              <value>
                <![CDATA[super2]]>
              </value>
            </param>
            <param index="1">
              <value>
                <![CDATA[test2]]>
              </value>
            </param>
            <param index="2">
              <value>
                <![CDATA[super.test2@gmail.com]]>
              </value>
            </param>
            <param index="3">
              <value>
                <![CDATA[124-2313691]]>
              </value>
            </param>
            <param index="4">
              <value>
                <![CDATA[test2]]>
              </value>
            </param>
            <param index="5">
              <value>
                <![CDATA[test2]]>
              </value>
            </param>
          </params>
          <reporter-output>
          </reporter-output>
        </test-method> <!-- RegTest -->
        <test-method is-config="true" signature="teardown()[pri:0, instance:com.myflight.testcase.RegistrationTest@1283bb96]" started-at="2019-11-14T12:54:41 IST" name="teardown" finished-at="2019-11-14T12:54:43 IST" duration-ms="1402" status="PASS">
          <reporter-output>
          </reporter-output>
        </test-method> <!-- teardown -->
        <test-method is-config="true" signature="setup()[pri:0, instance:com.myflight.testcase.RegistrationTest@1283bb96]" started-at="2019-11-14T12:54:43 IST" name="setup" finished-at="2019-11-14T12:54:58 IST" duration-ms="15345" status="PASS">
          <reporter-output>
          </reporter-output>
        </test-method> <!-- setup -->
        <test-method signature="RegTest(java.lang.String, java.lang.String, java.lang.String, java.lang.String, java.lang.String, java.lang.String)[pri:0, instance:com.myflight.testcase.RegistrationTest@1283bb96]" started-at="2019-11-14T12:54:58 IST" name="RegTest" data-provider="Regtestdata" finished-at="2019-11-14T12:55:05 IST" duration-ms="6801" status="PASS">
          <params>
            <param index="0">
              <value>
                <![CDATA[super3]]>
              </value>
            </param>
            <param index="1">
              <value>
                <![CDATA[test3]]>
              </value>
            </param>
            <param index="2">
              <value>
                <![CDATA[super.test3@gmail.com]]>
              </value>
            </param>
            <param index="3">
              <value>
                <![CDATA[124-2313692]]>
              </value>
            </param>
            <param index="4">
              <value>
                <![CDATA[test3]]>
              </value>
            </param>
            <param index="5">
              <value>
                <![CDATA[test3]]>
              </value>
            </param>
          </params>
          <reporter-output>
          </reporter-output>
        </test-method> <!-- RegTest -->
        <test-method is-config="true" signature="teardown()[pri:0, instance:com.myflight.testcase.RegistrationTest@1283bb96]" started-at="2019-11-14T12:55:05 IST" name="teardown" finished-at="2019-11-14T12:55:06 IST" duration-ms="1316" status="PASS">
          <reporter-output>
          </reporter-output>
        </test-method> <!-- teardown -->
      </class> <!-- com.myflight.testcase.RegistrationTest -->
    </test> <!-- Flight Reservation -->
  </suite> <!-- MercuryTest-FlightReservation -->
</testng-results>
