<?xml version="1.0" encoding="UTF-8"?>
<!-- Generated by org.testng.reporters.JUnitXMLReporter -->
<testsuite ignored="0" hostname="DESKTOP-30FHIC2" failures="0" tests="3" name="Default test" time="79.32" errors="0" timestamp="2019-11-13T01:22:51 IST">
  <testcase classname="com.myflight.testcase.RegistrationTest" name="RegTest" time="7.066"/>
  <testcase classname="com.myflight.testcase.RegistrationTest" name="RegTest" time="7.436"/>
  <testcase classname="com.myflight.testcase.RegistrationTest" name="RegTest" time="7.292"/>
</testsuite> <!-- Default test -->
