<?xml version="1.0" encoding="UTF-8"?>
<!-- Generated by org.testng.reporters.JUnitXMLReporter -->
<testsuite ignored="0" hostname="DESKTOP-30FHIC2" failures="0" tests="12" name="Flight Reservation" time="248.124" errors="0" timestamp="2019-11-14T12:57:59 IST">
  <testcase classname="com.myflight.testcase.RegistrationTest" name="RegTest" time="7.003"/>
  <testcase classname="com.myflight.testcase.RegistrationTest" name="RegTest" time="6.887"/>
  <testcase classname="com.myflight.testcase.RegistrationTest" name="RegTest" time="6.801"/>
  <testcase classname="com.myflight.testcase.LoginTest" name="verifyLoginPagetitleTest" time="0.04"/>
  <testcase classname="com.myflight.testcase.LoginTest" name="verifyLoginLableTest" time="0.16"/>
  <testcase classname="com.myflight.testcase.LoginTest" name="verifyLogintest" time="7.3"/>
  <testcase classname="com.myflight.testcase.MyAccountTest" name="validateAccountPageTitleTest" time="0.035"/>
  <testcase classname="com.myflight.testcase.MyAccountTest" name="validateAccountPageUrlTest" time="0.041"/>
  <testcase classname="com.myflight.testcase.MyAccountTest" name="validatetabletLinkTest" time="2.617"/>
  <testcase classname="com.myflight.testcase.MyAccountTest" name="validateSoftwarelinkTest" time="1.945"/>
  <testcase classname="com.myflight.testcase.MyAccountTest" name="validateOrderhistorylinkTest" time="1.153"/>
  <testcase classname="com.myflight.testcase.MyAccountTest" name="validatecartTotalTest" time="0.128"/>
</testsuite> <!-- Flight Reservation -->
